<?xml version="1.0" encoding="UTF-8"?>
<robot generator="Robot 5.0.1 (Python 3.9.13 on win32)" generated="20230914 11:58:39.650" rpa="false" schemaversion="3">
<suite id="s1" name="Cem" source="C:\Users\ikbal.kirklar\Desktop\cem">
<suite id="s1-s1" name="Tests" source="C:\Users\ikbal.kirklar\Desktop\cem\tests">
<suite id="s1-s1-s1" name="First" source="C:\Users\ikbal.kirklar\Desktop\cem\tests\first.robot">
<test id="s1-s1-s1-t1" name="Another Test" line="13">
<kw name="Should Be Equal" library="BuiltIn">
<arg>${MESSAGE}</arg>
<arg>Hello, world!</arg>
<doc>Fails if the given objects are unequal.</doc>
<status status="PASS" starttime="20230914 11:58:39.749" endtime="20230914 11:58:39.751"/>
</kw>
<status status="PASS" starttime="20230914 11:58:39.747" endtime="20230914 11:58:39.752"/>
</test>
<status status="PASS" starttime="20230914 11:58:39.715" endtime="20230914 11:58:39.754"/>
</suite>
<status status="PASS" starttime="20230914 11:58:39.705" endtime="20230914 11:58:39.758"/>
</suite>
<status status="PASS" starttime="20230914 11:58:39.662" endtime="20230914 11:58:39.761"/>
</suite>
<statistics>
<total>
<stat pass="1" fail="0" skip="0">All Tests</stat>
</total>
<tag>
</tag>
<suite>
<stat pass="1" fail="0" skip="0" id="s1" name="Cem">Cem</stat>
<stat pass="1" fail="0" skip="0" id="s1-s1" name="Tests">Cem.Tests</stat>
<stat pass="1" fail="0" skip="0" id="s1-s1-s1" name="First">Cem.Tests.First</stat>
</suite>
</statistics>
<errors>
</errors>
</robot>
