<?xml version="1.0" encoding="UTF-8"?>
<robot generator="Robot 6.1.1 (Python 3.11.5 on win32)" generated="20230913 18:17:48.905" rpa="false" schemaversion="4">
<suite id="s1" name="First" source="C:\Users\ikbal.kirklar\Downloads\cem\tests\first.robot">
<test id="s1-t1" name="Another Test" line="11">
<kw name="Should Be Equal" library="BuiltIn">
<arg>${MESSAGE}</arg>
<arg>Hello, world!</arg>
<doc>Fails if the given objects are unequal.</doc>
<status status="PASS" starttime="20230913 18:17:48.953" endtime="20230913 18:17:48.953"/>
</kw>
<status status="PASS" starttime="20230913 18:17:48.953" endtime="20230913 18:17:48.953"/>
</test>
<status status="PASS" starttime="20230913 18:17:48.921" endtime="20230913 18:17:48.953"/>
</suite>
<statistics>
<total>
<stat pass="1" fail="0" skip="0">All Tests</stat>
</total>
<tag>
</tag>
<suite>
<stat pass="1" fail="0" skip="0" id="s1" name="First">First</stat>
</suite>
</statistics>
<errors>
<msg timestamp="20230913 18:17:48.905" level="ERROR">Taking listener 'resources.MainListener.MainListener' into use failed: Importing listener 'resources.MainListener.MainListener' failed: ModuleNotFoundError: No module named 'EnvDataOperations'
Traceback (most recent call last):
  File "C:\Users\ikbal.kirklar\Downloads\cem\resources\MainListener.py", line 6, in &lt;module&gt;
    from EnvDataOperations import *
PYTHONPATH:
  C:\Users\ikbal.kirklar\Downloads\cem
  C:\Program Files\WindowsApps\PythonSoftwareFoundation.Python.3.11_3.11.1520.0_x64__qbz5n2kfra8p0\python311.zip
  C:\Program Files\WindowsApps\PythonSoftwareFoundation.Python.3.11_3.11.1520.0_x64__qbz5n2kfra8p0\DLLs
  C:\Program Files\WindowsApps\PythonSoftwareFoundation.Python.3.11_3.11.1520.0_x64__qbz5n2kfra8p0\Lib
  C:\Program Files\WindowsApps\PythonSoftwareFoundation.Python.3.11_3.11.1520.0_x64__qbz5n2kfra8p0
  C:\Users\ikbal.kirklar\AppData\Local\Packages\PythonSoftwareFoundation.Python.3.11_qbz5n2kfra8p0\LocalCache\local-packages\Python311\site-packages
  C:\Program Files\WindowsApps\PythonSoftwareFoundation.Python.3.11_3.11.1520.0_x64__qbz5n2kfra8p0\Lib\site-packages</msg>
</errors>
</robot>
